[    0.000000] Initializing cgroup subsys cpuset
[    0.000000] Initializing cgroup subsys cpu
[    0.000000] Initializing cgroup subsys cpuacct
[    0.000000] Linux version 4.4.0-127-generic (buildd@lcy01-amd64-023) (gcc version 5.4.0 20160609 (Ubuntu 5.4.0-6ubuntu1~16.04.9) ) #153-Ubuntu SMP Sat May 19 10:58:46 UTC 2018 (Ubuntu 4.4.0-127.153-generic 4.4.128)
[    0.000000] Command line: BOOT_IMAGE=/boot/vmlinuz-4.4.0-127-generic root=UUID=676eac73-81dc-4fbd-bdea-aebcbe447240 ro console=tty1 console=ttyS0
[    0.000000] KERNEL supported cpus:
[    0.000000]   Intel GenuineIntel
[    0.000000]   AMD AuthenticAMD
[    0.000000]   Centaur CentaurHauls
[    0.000000] ------------[ cut here ]------------
[    0.000000] WARNING: CPU: 0 PID: 0 at /build/linux-E14mqW/linux-4.4.0/arch/x86/kernel/fpu/xstate.c:517 fpu__init_system_xstate+0x38b/0x75a()
[    0.000000] XSAVE consistency problem, dumping leaves
[    0.000000] Modules linked in:
[    0.000000] CPU: 0 PID: 0 Comm: swapper Not tainted 4.4.0-127-generic #153-Ubuntu
[    0.000000]  0000000000000086 ca8704eadb8e5369 ffffffff81e03d70 ffffffff814001c3
[    0.000000]  ffffffff81e03db8 ffffffff81cacad8 ffffffff81e03da8 ffffffff81083432
[    0.000000]  ffffffff81e03e38 ffffffff81e03e3c 0000000000000008 0000000000000100
[    0.000000] Call Trace:
[    0.000000]  [<ffffffff814001c3>] dump_stack+0x63/0x90
[    0.000000]  [<ffffffff81083432>] warn_slowpath_common+0x82/0xc0
[    0.000000]  [<ffffffff810834cc>] warn_slowpath_fmt+0x5c/0x80
[    0.000000]  [<ffffffff8107efeb>] ? xfeature_size+0x59/0x77
[    0.000000]  [<ffffffff81f732b1>] fpu__init_system_xstate+0x38b/0x75a
[    0.000000]  [<ffffffff81f63120>] ? early_idt_handler_array+0x120/0x120
[    0.000000]  [<ffffffff81f72c1c>] fpu__init_system+0x10b/0x243
[    0.000000]  [<ffffffff81f73e46>] early_cpu_init+0x1da/0x1e0
[    0.000000]  [<ffffffff81f73e46>] ? early_cpu_init+0x1da/0x1e0
[    0.000000]  [<ffffffff81f6f1a6>] setup_arch+0xb4/0xd13
[    0.000000]  [<ffffffff81f63120>] ? early_idt_handler_array+0x120/0x120
[    0.000000]  [<ffffffff81f63c75>] start_kernel+0xe2/0x4a4
[    0.000000]  [<ffffffff81f63120>] ? early_idt_handler_array+0x120/0x120
[    0.000000]  [<ffffffff81f63339>] x86_64_start_reservations+0x2a/0x2c
[    0.000000]  [<ffffffff81f63485>] x86_64_start_kernel+0x14a/0x16d
[    0.000000] ---[ end trace 4d5ff9f2f68c4233 ]---
[    0.000000] CPUID[0d, 00]: eax=00000007 ebx=00000440 ecx=00000440 edx=00000000
[    0.000000] CPUID[0d, 01]: eax=00000000 ebx=00000440 ecx=00000000 edx=00000000
[    0.000000] CPUID[0d, 02]: eax=00000100 ebx=00000240 ecx=00000000 edx=00000000
[    0.000000] CPUID[0d, 03]: eax=00000000 ebx=00000000 ecx=00000000 edx=00000000
[    0.000000] CPUID[0d, 04]: eax=00000000 ebx=00000000 ecx=00000000 edx=00000000
[    0.000000] CPUID[0d, 05]: eax=00000000 ebx=00000000 ecx=00000000 edx=00000000
[    0.000000] CPUID[0d, 06]: eax=00000000 ebx=00000000 ecx=00000000 edx=00000000
[    0.000000] CPUID[0d, 07]: eax=00000000 ebx=00000000 ecx=00000000 edx=00000000
[    0.000000] CPUID[0d, 08]: eax=00000000 ebx=00000000 ecx=00000000 edx=00000000
[    0.000000] CPUID[0d, 09]: eax=00000000 ebx=00000000 ecx=00000000 edx=00000000
[    0.000000] CPUID[0d, 0a]: eax=00000000 ebx=00000000 ecx=00000000 edx=00000000
[    0.000000] CPUID[0d, 0b]: eax=00000000 ebx=00000000 ecx=00000000 edx=00000000
[    0.000000] CPUID[0d, 0c]: eax=00000000 ebx=00000000 ecx=00000000 edx=00000000
[    0.000000] CPUID[0d, 0d]: eax=00000000 ebx=00000000 ecx=00000000 edx=00000000
[    0.000000] CPUID[0d, 0e]: eax=00000000 ebx=00000000 ecx=00000000 edx=00000000
[    0.000000] CPUID[0d, 0f]: eax=00000000 ebx=00000000 ecx=00000000 edx=00000000
[    0.000000] CPUID[0d, 10]: eax=00000000 ebx=00000000 ecx=00000000 edx=00000000
[    0.000000] CPUID[0d, 11]: eax=00000000 ebx=00000000 ecx=00000000 edx=00000000
[    0.000000] x86/fpu: xstate_offset[2]:  576, xstate_sizes[2]:  256
[    0.000000] x86/fpu: Supporting XSAVE feature 0x01: 'x87 floating point registers'
[    0.000000] x86/fpu: Supporting XSAVE feature 0x02: 'SSE registers'
[    0.000000] x86/fpu: Supporting XSAVE feature 0x04: 'AVX registers'
[    0.000000] x86/fpu: Enabled xstate features 0x7, context size is 1088 bytes, using 'standard' format.
[    0.000000] x86/fpu: Using 'lazy' FPU context switches.
[    0.000000] e820: BIOS-provided physical RAM map:
[    0.000000] BIOS-e820: [mem 0x0000000000000000-0x000000000009fbff] usable
[    0.000000] BIOS-e820: [mem 0x000000000009fc00-0x000000000009ffff] reserved
[    0.000000] BIOS-e820: [mem 0x00000000000f0000-0x00000000000fffff] reserved
[    0.000000] BIOS-e820: [mem 0x0000000000100000-0x000000003ffeffff] usable
[    0.000000] BIOS-e820: [mem 0x000000003fff0000-0x000000003fffffff] ACPI data
[    0.000000] BIOS-e820: [mem 0x00000000fec00000-0x00000000fec00fff] reserved
[    0.000000] BIOS-e820: [mem 0x00000000fee00000-0x00000000fee00fff] reserved
[    0.000000] BIOS-e820: [mem 0x00000000fffc0000-0x00000000ffffffff] reserved
[    0.000000] NX (Execute Disable) protection: active
[    0.000000] SMBIOS 2.5 present.
[    0.000000] Hypervisor detected: KVM
[    0.000000] e820: last_pfn = 0x3fff0 max_arch_pfn = 0x400000000
[    0.000000] MTRR: Disabled
[    0.000000] x86/PAT: MTRRs disabled, skipping PAT initialization too.
[    0.000000] CPU MTRRs all blank - virtualized system.
[    0.000000] x86/PAT: Configuration [0-7]: WB  WT  UC- UC  WB  WT  UC- UC  
[    0.000000] found SMP MP-table at [mem 0x0009fff0-0x0009ffff] mapped at [ffff88000009fff0]
[    0.000000] Scanning 1 areas for low memory corruption
[    0.000000] RAMDISK: [mem 0x3620a000-0x370fcfff]
[    0.000000] ACPI: Early table checksum verification disabled
[    0.000000] ACPI: RSDP 0x00000000000E0000 000024 (v02 VBOX  )
[    0.000000] ACPI: XSDT 0x000000003FFF0030 00003C (v01 VBOX   VBOXXSDT 00000001 ASL  00000061)
[    0.000000] ACPI: FACP 0x000000003FFF00F0 0000F4 (v04 VBOX   VBOXFACP 00000001 ASL  00000061)
[    0.000000] ACPI: DSDT 0x000000003FFF0470 0021FF (v02 VBOX   VBOXBIOS 00000002 INTL 20100528)
[    0.000000] ACPI: FACS 0x000000003FFF0200 000040
[    0.000000] ACPI: FACS 0x000000003FFF0200 000040
[    0.000000] ACPI: APIC 0x000000003FFF0240 00005C (v02 VBOX   VBOXAPIC 00000001 ASL  00000061)
[    0.000000] ACPI: SSDT 0x000000003FFF02A0 0001CC (v01 VBOX   VBOXCPUT 00000002 INTL 20100528)
[    0.000000] No NUMA configuration found
[    0.000000] Faking a node at [mem 0x0000000000000000-0x000000003ffeffff]
[    0.000000] NODE_DATA(0) allocated [mem 0x3ffeb000-0x3ffeffff]
[    0.000000] kvm-clock: Using msrs 4b564d01 and 4b564d00
[    0.000000] kvm-clock: cpu 0, msr 0:3ffe3001, primary cpu clock
[    0.000000] kvm-clock: using sched offset of 3054823981 cycles
[    0.000000] clocksource: kvm-clock: mask: 0xffffffffffffffff max_cycles: 0x1cd42e4dffb, max_idle_ns: 881590591483 ns
[    0.000000] Zone ranges:
[    0.000000]   DMA      [mem 0x0000000000001000-0x0000000000ffffff]
[    0.000000]   DMA32    [mem 0x0000000001000000-0x000000003ffeffff]
[    0.000000]   Normal   empty
[    0.000000]   Device   empty
[    0.000000] Movable zone start for each node
[    0.000000] Early memory node ranges
[    0.000000]   node   0: [mem 0x0000000000001000-0x000000000009efff]
[    0.000000]   node   0: [mem 0x0000000000100000-0x000000003ffeffff]
[    0.000000] Initmem setup node 0 [mem 0x0000000000001000-0x000000003ffeffff]
[    0.000000] ACPI: PM-Timer IO Port: 0x4008
[    0.000000] IOAPIC[0]: apic_id 2, version 32, address 0xfec00000, GSI 0-23
[    0.000000] ACPI: INT_SRC_OVR (bus 0 bus_irq 0 global_irq 2 dfl dfl)
[    0.000000] ACPI: INT_SRC_OVR (bus 0 bus_irq 9 global_irq 9 high level)
[    0.000000] Using ACPI (MADT) for SMP configuration information
[    0.000000] smpboot: Allowing 2 CPUs, 0 hotplug CPUs
[    0.000000] PM: Registered nosave memory: [mem 0x00000000-0x00000fff]
[    0.000000] PM: Registered nosave memory: [mem 0x0009f000-0x0009ffff]
[    0.000000] PM: Registered nosave memory: [mem 0x000a0000-0x000effff]
[    0.000000] PM: Registered nosave memory: [mem 0x000f0000-0x000fffff]
[    0.000000] e820: [mem 0x40000000-0xfebfffff] available for PCI devices
[    0.000000] Booting paravirtualized kernel on KVM
[    0.000000] clocksource: refined-jiffies: mask: 0xffffffff max_cycles: 0xffffffff, max_idle_ns: 7645519600211568 ns
[    0.000000] setup_percpu: NR_CPUS:512 nr_cpumask_bits:512 nr_cpu_ids:2 nr_node_ids:1
[    0.000000] PERCPU: Embedded 34 pages/cpu @ffff88003fc00000 s99544 r8192 d31528 u1048576
[    0.000000] PV qspinlock hash table entries: 256 (order: 0, 4096 bytes)
[    0.000000] Built 1 zonelists in Node order, mobility grouping on.  Total pages: 257912
[    0.000000] Policy zone: DMA32
[    0.000000] Kernel command line: BOOT_IMAGE=/boot/vmlinuz-4.4.0-127-generic root=UUID=676eac73-81dc-4fbd-bdea-aebcbe447240 ro console=tty1 console=ttyS0
[    0.000000] PID hash table entries: 4096 (order: 3, 32768 bytes)
[    0.000000] Memory: 997212K/1048120K available (8537K kernel code, 1313K rwdata, 4000K rodata, 1512K init, 1316K bss, 50908K reserved, 0K cma-reserved)
[    0.000000] SLUB: HWalign=64, Order=0-3, MinObjects=0, CPUs=2, Nodes=1
[    0.000000] Kernel/User page tables isolation: enabled
[    0.000000] Hierarchical RCU implementation.
[    0.000000] 	Build-time adjustment of leaf fanout to 64.
[    0.000000] 	RCU restricting CPUs from NR_CPUS=512 to nr_cpu_ids=2.
[    0.000000] RCU: Adjusting geometry for rcu_fanout_leaf=64, nr_cpu_ids=2
[    0.000000] NR_IRQS:33024 nr_irqs:440 16
[    0.000000] Console: colour VGA+ 80x25
[    0.000000] console [tty1] enabled
[    0.000000] console [ttyS0] enabled
[    0.000000] tsc: Detected 2808.000 MHz processor
[   30.662268] Calibrating delay loop (skipped) preset value.. 5616.00 BogoMIPS (lpj=11232000)
[   30.951233] pid_max: default: 32768 minimum: 301
[   31.115069] ACPI: Core revision 20150930
[   31.266147] ACPI: 2 ACPI AML tables successfully acquired and loaded
[   31.498556] Security Framework initialized
[   31.656873] Yama: becoming mindful.
[   31.742579] AppArmor: AppArmor initialized
[   31.807043] Dentry cache hash table entries: 131072 (order: 8, 1048576 bytes)
[   31.998997] Inode-cache hash table entries: 65536 (order: 7, 524288 bytes)
[   32.185806] Mount-cache hash table entries: 2048 (order: 2, 16384 bytes)
[   32.291178] Mountpoint-cache hash table entries: 2048 (order: 2, 16384 bytes)
[   32.560682] Initializing cgroup subsys io
[   32.712764] Initializing cgroup subsys memory
[   32.817165] Initializing cgroup subsys devices
[   32.897200] Initializing cgroup subsys freezer
[   32.934282] Initializing cgroup subsys net_cls
[   33.057300] Initializing cgroup subsys perf_event
[   33.183209] Initializing cgroup subsys net_prio
[   33.258308] Initializing cgroup subsys hugetlb
[   33.327601] Initializing cgroup subsys pids
[   33.451636] CPU: Physical Processor ID: 0
[   33.597053] CPU: Processor Core ID: 0
[   33.734822] mce: CPU supports 0 MCE banks
[   33.866401] Last level iTLB entries: 4KB 64, 2MB 8, 4MB 8
[   33.928913] Last level dTLB entries: 4KB 64, 2MB 0, 4MB 0, 1GB 4
[   33.974799] Spectre V2 : Mitigation: Full generic retpoline
[   34.134625] Spectre V2 : Speculation control IBPB not-supported IBRS not-supported
[   34.397439] Spectre V2 : Filling RSB on context switch
[   34.597517] Speculative Store Bypass: Vulnerable
[   34.767039] Freeing SMP alternatives memory: 32K
[   34.845630] ftrace: allocating 32237 entries in 126 pages
[   35.026118] smpboot: APIC(0) Converting physical 0 to logical package 0
[   35.249486] smpboot: Max logical packages: 1
[   35.412691] x2apic enabled
[   35.514024] Switched APIC routing to physical x2apic.
[   35.699344] ..TIMER: vector=0x30 apic1=0 pin1=2 apic2=-1 pin2=-1
[   35.998746] smpboot: CPU0: Intel(R) Core(TM) i7-7700HQ CPU @ 2.80GHz (family: 0x6, model: 0x9e, stepping: 0x9)
[   36.287747] Performance Events: unsupported p6 CPU model 158 no PMU driver, software events only.
[   36.585701] KVM setup paravirtual spinlock
[   36.736459] x86: Booting SMP configuration:
[   36.825592] .... node  #0, CPUs:      #1
[   36.889093] kvm-clock: cpu 1, msr 0:3ffe3041, secondary cpu clock
[   36.923507] mce: CPU supports 0 MCE banks
[   36.939615] x86: Booted up 1 node, 2 CPUs
[   37.053213] smpboot: Total of 2 processors activated (11232.00 BogoMIPS)
[   37.291510] devtmpfs: initialized
[   37.320103] evm: security.selinux
[   37.366289] evm: security.SMACK64
[   37.400416] evm: security.SMACK64EXEC
[   37.428729] evm: security.SMACK64TRANSMUTE
[   37.530225] evm: security.SMACK64MMAP
[   37.661158] evm: security.ima
[   37.770364] evm: security.capability
[   37.829084] clocksource: jiffies: mask: 0xffffffff max_cycles: 0xffffffff, max_idle_ns: 7645041785100000 ns
[   37.944403] futex hash table entries: 512 (order: 3, 32768 bytes)
[   38.148273] pinctrl core: initialized pinctrl subsystem
[   38.336621] RTC time:  8:47:50, date: 06/11/18
[   38.480155] NET: Registered protocol family 16
[   38.581086] cpuidle: using governor ladder
[   38.640620] cpuidle: using governor menu
[   38.701526] PCCT header not found.
[   38.832337] ACPI: bus type PCI registered
[   38.976734] acpiphp: ACPI Hot Plug PCI Controller Driver version: 0.5
[   39.088107] PCI: Using configuration type 1 for base access
[   39.156370] ACPI: Added _OSI(Module Device)
[   39.217871] ACPI: Added _OSI(Processor Device)
[   39.313839] ACPI: Added _OSI(3.0 _SCP Extensions)
[   39.358409] ACPI: Added _OSI(Processor Aggregator Device)
[   39.422413] ACPI: Executed 1 blocks of module-level executable AML code
[   39.596042] ACPI: Interpreter enabled
[   39.717611] ACPI: (supports S0 S5)
[   39.805286] ACPI: Using IOAPIC for interrupt routing
[   39.873917] PCI: Using host bridge windows from ACPI; if necessary, use "pci=nocrs" and report a bug
[   40.025185] ACPI: PCI Root Bridge [PCI0] (domain 0000 [bus 00-ff])
[   40.147991] acpi PNP0A03:00: _OSC: OS supports [ASPM ClockPM Segments MSI]
[   40.392032] acpi PNP0A03:00: _OSC: not requesting OS control; OS requires [ExtendedConfig ASPM ClockPM MSI]
[   40.579607] acpi PNP0A03:00: fail to add MMCONFIG information, can't access extended PCI configuration space under this bridge.
[   40.782001] PCI host bridge to bus 0000:00
[   40.923877] pci_bus 0000:00: root bus resource [io  0x0000-0x0cf7 window]
[   41.072220] pci_bus 0000:00: root bus resource [io  0x0d00-0xffff window]
[   41.162011] pci_bus 0000:00: root bus resource [mem 0x000a0000-0x000bffff window]
[   41.381816] pci_bus 0000:00: root bus resource [mem 0x40000000-0xffdfffff window]
[   41.484425] pci_bus 0000:00: root bus resource [bus 00-ff]
[   41.526985] pci 0000:00:01.1: legacy IDE quirk: reg 0x10: [io  0x01f0-0x01f7]
[   41.693006] pci 0000:00:01.1: legacy IDE quirk: reg 0x14: [io  0x03f6]
[   41.938136] pci 0000:00:01.1: legacy IDE quirk: reg 0x18: [io  0x0170-0x0177]
[   42.194690] pci 0000:00:01.1: legacy IDE quirk: reg 0x1c: [io  0x0376]
[   42.447953] pci 0000:00:07.0: quirk: [io  0x4000-0x403f] claimed by PIIX4 ACPI
[   42.646898] pci 0000:00:07.0: quirk: [io  0x4100-0x410f] claimed by PIIX4 SMB
[   42.843677] ACPI: PCI Interrupt Link [LNKA] (IRQs 5 9 10 *11)
[   43.023509] ACPI: PCI Interrupt Link [LNKB] (IRQs 5 9 10 *11)
[   43.214594] ACPI: PCI Interrupt Link [LNKC] (IRQs 5 9 *10 11)
[   43.402060] ACPI: PCI Interrupt Link [LNKD] (IRQs 5 *9 10 11)
[   43.593465] ACPI: Enabled 2 GPEs in block 00 to 07
[   43.743704] vgaarb: setting as boot device: PCI:0000:00:02.0
[   43.948594] vgaarb: device added: PCI:0000:00:02.0,decodes=io+mem,owns=io+mem,locks=none
[   44.246430] vgaarb: loaded
[   44.345667] vgaarb: bridge control possible 0000:00:02.0
[   44.542081] SCSI subsystem initialized
[   44.682603] ACPI: bus type USB registered
[   44.778060] usbcore: registered new interface driver usbfs
[   44.980178] usbcore: registered new interface driver hub
[   45.176415] usbcore: registered new device driver usb
[   45.355767] PCI: Using ACPI for IRQ routing
[   45.508417] NetLabel: Initializing
[   45.634012] NetLabel:  domain hash size = 128
[   45.792198] NetLabel:  protocols = UNLABELED CIPSOv4
[   45.947362] NetLabel:  unlabeled traffic allowed by default
[   46.150597] amd_nb: Cannot enumerate AMD northbridges
[   46.328103] clocksource: Switched to clocksource kvm-clock
[   46.546102] AppArmor: AppArmor Filesystem Enabled
[   46.723304] pnp: PnP ACPI init
[   46.842916] pnp: PnP ACPI: found 3 devices
[   46.984483] clocksource: acpi_pm: mask: 0xffffff max_cycles: 0xffffff, max_idle_ns: 2085701024 ns
[   47.276197] NET: Registered protocol family 2
[   47.437819] TCP established hash table entries: 8192 (order: 4, 65536 bytes)
[   47.661317] TCP bind hash table entries: 8192 (order: 5, 131072 bytes)
[   47.895483] TCP: Hash tables configured (established 8192 bind 8192)
[   47.946317] UDP hash table entries: 512 (order: 2, 16384 bytes)
[   47.955592] UDP-Lite hash table entries: 512 (order: 2, 16384 bytes)
[   48.178558] NET: Registered protocol family 1
[   48.350247] pci 0000:00:00.0: Limiting direct PCI/PCI transfers
[   48.535691] pci 0000:00:01.0: Activating ISA DMA hang workarounds
[   48.761828] Unpacking initramfs...
[   49.060639] Freeing initrd memory: 15308K
[   49.216111] platform rtc_cmos: registered platform RTC device (no PNP device found)
[   49.522698] Scanning for low memory corruption every 60 seconds
[   49.753181] audit: initializing netlink subsys (disabled)
[   49.912113] audit: type=2000 audit(1528706841.253:1): initialized
[   50.065276] Initialise system trusted keyring
[   50.162000] HugeTLB registered 2 MB page size, pre-allocated 0 pages
[   50.389147] tsc: Refined TSC clocksource calibration: 2809.118 MHz
[   50.576565] clocksource: tsc: mask: 0xffffffffffffffff max_cycles: 0x287de64858b, max_idle_ns: 440795282812 ns
[   50.582099] zbud: loaded
ÿ[   50.582367] VFS: Disk quotas dquot_6.6.0
[   50.582388] VFS: Dquot-cache hash table entries: 512 (order 0, 4096 bytes)
[   50.582558] squashfs: version 4.0 (2009/01/31) Phillip Lougher
[   50.916886] fuse init (API version 7.23)
[   50.917026] Key type big_key registered
[   50.917044] Allocating IMA MOK and blacklist keyrings.
[   50.917203] Key type asymmetric registered
[   50.917205] Asymmetric key parser 'x509' registered
[   50.917230] Block layer SCSI generic (bsg) driver version 0.4 loaded (major 249)
[   50.917249] io scheduler noop registered
[   50.917250] io scheduler deadline registered (default)
[   50.917270] io scheduler cfq registered
[   50.917335] pci_hotplug: PCI Hot Plug PCI Core version: 0.5
[   50.917339] pciehp: PCI Express Hot Plug Controller Driver version: 0.4
[   50.917436] ACPI: AC Adapter [AC] (on-line)
[   50.917474] input: Power Button as /devices/LNXSYSTM:00/LNXPWRBN:00/input/input0
[   50.917476] ACPI: Power Button [PWRF]
[   50.917525] input: Sleep Button as /devices/LNXSYSTM:00/LNXSLPBN:00/input/input1
[   50.917526] ACPI: Sleep Button [SLPF]
[   50.917627] GHES: HEST is not enabled!
[   50.918212] ACPI: Battery Slot [BAT0] (battery present)
[   50.918234] Serial: 8250/16550 driver, 32 ports, IRQ sharing enabled
[   50.999452] 00:02: ttyS0 at I/O 0x3f8 (irq = 4, base_baud = 115200) is a 16550A
[   51.103434] Linux agpgart interface v0.103
[   51.160961] loop: module loaded
[   51.161425] scsi host0: ata_piix
[   51.161476] scsi host1: ata_piix
[   51.161505] ata1: PATA max UDMA/33 cmd 0x1f0 ctl 0x3f6 bmdma 0xd000 irq 14
[   51.161506] ata2: PATA max UDMA/33 cmd 0x170 ctl 0x376 bmdma 0xd008 irq 15
[   51.161570] libphy: Fixed MDIO Bus: probed
[   51.161572] tun: Universal TUN/TAP device driver, 1.6
[   51.161573] tun: (C) 1999-2004 Max Krasnyansky <maxk@qualcomm.com>
[   51.161867] PPP generic driver version 2.4.2
[   51.161909] ehci_hcd: USB 2.0 'Enhanced' Host Controller (EHCI) Driver
[   51.161912] ehci-pci: EHCI PCI platform driver
[   51.161919] ehci-platform: EHCI generic platform driver
[   51.161926] ohci_hcd: USB 1.1 'Open' Host Controller (OHCI) Driver
[   51.161927] ohci-pci: OHCI PCI platform driver
[   51.161934] ohci-platform: OHCI generic platform driver
[   51.161940] uhci_hcd: USB Universal Host Controller Interface driver
[   51.161982] i8042: PNP: PS/2 Controller [PNP0303:PS2K,PNP0f03:PS2M] at 0x60,0x64 irq 1,12
[   51.162403] serio: i8042 KBD port at 0x60,0x64 irq 1
[   51.162405] serio: i8042 AUX port at 0x60,0x64 irq 12
[   51.162449] mousedev: PS/2 mouse device common for all mice
[   51.162710] rtc_cmos rtc_cmos: rtc core: registered rtc_cmos as rtc0
[   51.162771] rtc_cmos rtc_cmos: alarms up to one day, 114 bytes nvram
[   51.162776] i2c /dev entries driver
[   51.162815] device-mapper: uevent: version 1.0.3
[   51.162861] device-mapper: ioctl: 4.34.0-ioctl (2015-10-28) initialised: dm-devel@redhat.com
[   51.162874] ledtrig-cpu: registered to indicate activity on CPUs
[   51.163098] NET: Registered protocol family 10
[   51.163205] NET: Registered protocol family 17
[   51.163213] Key type dns_resolver registered
[   51.163393] registered taskstats version 1
[   51.163409] Loading compiled-in X.509 certificates
[   51.164048] Loaded X.509 cert 'Build time autogenerated kernel key: 9f6f572a3ee0cb468eb8db4aa61815bc74ef6adb'
[   51.164062] zswap: loaded using pool lzo/zbud
[   51.164409] input: AT Translated Set 2 keyboard as /devices/platform/i8042/serio0/input/input2
[   51.166737] Key type trusted registered
[   51.169315] Key type encrypted registered
[   51.169319] AppArmor: AppArmor sha1 policy hashing enabled
[   51.169322] ima: No TPM chip found, activating TPM-bypass!
[   51.169337] evm: HMAC attrs: 0x1
[   51.169536]   Magic number: 6:907:775
[   51.169539] misc psaux: hash matches
[   51.169560] misc fuse: hash matches
[   51.172802] rtc_cmos rtc_cmos: setting system clock to 2018-06-11 08:48:03 UTC (1528706883)
[   51.172855] BIOS EDD facility v0.16 2004-Jun-25, 0 devices found
[   51.172855] EDD information not available.
[   58.552883] Freeing unused kernel memory: 1512K
[   58.715381] Write protecting the kernel read-only data: 14336k
[   58.931713] Freeing unused kernel memory: 1692K
[   59.088391] Freeing unused kernel memory: 96K
Loading, please [   59.259777] random: systemd-udevd: uninitialized urandom read (16 bytes read, 7 bits of entropy available)
wait...
startin[   59.260108] random: udevadm: uninitialized urandom read (16 bytes read, 7 bits of entropy available)
g version 229
[   59.260124] random: udevadm: uninitialized urandom read (16 bytes read, 7 bits of entropy available)
[   59.267824] random: udevadm: uninitialized urandom read (16 bytes read, 7 bits of entropy available)
[   59.267861] random: udevadm: uninitialized urandom read (16 bytes read, 7 bits of entropy available)
[   59.267987] random: udevadm: uninitialized urandom read (16 bytes read, 7 bits of entropy available)
[   59.268034] random: udevadm: uninitialized urandom read (16 bytes read, 7 bits of entropy available)
[   59.268080] random: udevadm: uninitialized urandom read (16 bytes read, 7 bits of entropy available)
[   59.268173] random: udevadm: uninitialized urandom read (16 bytes read, 7 bits of entropy available)
[   59.268234] random: udevadm: uninitialized urandom read (16 bytes read, 7 bits of entropy available)
[   62.057362] Fusion MPT base driver 3.04.20
[   62.183125] Copyright (c) 1999-2008 LSI Corporation
[   62.315927] Fusion MPT SPI Host driver 3.04.20
[   62.450599] e1000: Intel(R) PRO/1000 Network Driver - version 7.3.21-k8-NAPI
[   62.680468] e1000: Copyright (c) 1999-2006 Intel Corporation.
[   62.812040] AVX version of gcm_enc/dec engaged.
[   62.814577] mptbase: ioc0: Initiating bringup
[   62.876853] ioc0: LSI53C1030 A0: Capabilities={Initiator}
[   63.001708] input: ImExPS/2 Generic Explorer Mouse as /devices/platform/i8042/serio1/input/input5
[   63.108953] scsi host2: ioc0: LSI53C1030 A0, FwRev=00000000h, Ports=1, MaxQ=256, IRQ=20
[   63.221434] scsi 2:0:0:0: Direct-Access     VBOX     HARDDISK         1.0  PQ: 0 ANSI: 5
[   63.221438] scsi target2:0:0: Beginning Domain Validation
[   63.223165] scsi target2:0:0: Domain Validation skipping write tests
[   63.223166] scsi target2:0:0: Ending Domain Validation
[   63.223200] scsi target2:0:0: asynchronous
[   63.223411] scsi 2:0:1:0: Direct-Access     VBOX     HARDDISK         1.0  PQ: 0 ANSI: 5
[   63.223414] scsi target2:0:1: Beginning Domain Validation
[   63.223922] scsi target2:0:1: Domain Validation skipping write tests
[   63.223922] scsi target2:0:1: Ending Domain Validation
[   63.223950] scsi target2:0:1: asynchronous
[   63.229694] sd 2:0:0:0: Attached scsi generic sg0 type 0
[   63.229748] sd 2:0:0:0: [sda] 20971520 512-byte logical blocks: (10.7 GB/10.0 GiB)
[   63.230025] sd 2:0:1:0: Attached scsi generic sg1 type 0
[   63.230078] sd 2:0:1:0: [sdb] 20480 512-byte logical blocks: (10.5 MB/10.0 MiB)
[   63.230166] sd 2:0:0:0: [sda] Write Protect is off
[   63.230638] sd 2:0:1:0: [sdb] Write Protect is off
[   63.230648] sd 2:0:0:0: [sda] Incomplete mode parameter data
[   63.230649] sd 2:0:0:0: [sda] Assuming drive cache: write through
[   63.230804] sd 2:0:1:0: [sdb] Incomplete mode parameter data
[   63.230804] sd 2:0:1:0: [sdb] Assuming drive cache: write through
[   63.239112]  sda: sda1
[   63.240384] sd 2:0:0:0: [sda] Attached SCSI disk
[   63.240989] sd 2:0:1:0: [sdb] Attached SCSI disk
[   63.900225] e1000 0000:00:03.0 eth0: (PCI:33MHz:32-bit) 02:38:07:4c:82:85
[   63.900228] e1000 0000:00:03.0 eth0: Intel(R) PRO/1000 Network Connection
[   63.984341] e1000 0000:00:03.0 enp0s3: renamed from eth0
[   65.550436] AES CTR mode by8 optimization enabled
Begin: Loading e[   66.918896] md: linear personality registered for level -1
ssential drivers[   67.110444] md: multipath personality registered for level -4
 ... [   67.335130] md: raid0 personality registered for level 0
[   67.342558] md: raid1 personality registered for level 1
[   67.449239] raid6: sse2x1   gen()  9328 MB/s
[   67.608344] raid6: sse2x1   xor()  6454 MB/s
[   67.825070] raid6: sse2x2   gen() 12065 MB/s
[   68.048464] raid6: sse2x2   xor()  7950 MB/s
[   68.204680] raid6: sse2x4   gen() 14258 MB/s
[   68.412504] raid6: sse2x4   xor()  9103 MB/s
[   68.450874] raid6: using algorithm sse2x4 gen() 14258 MB/s
[   68.540450] raid6: .... xor() 9103 MB/s, rmw enabled
[   68.729075] raid6: using ssse3x2 recovery algorithm
[   68.847367] xor: automatically using best checksumming function:
[   68.912208]    avx       : 18684.000 MB/sec
[   68.944262] async_tx: api initialized (async)
[   69.074915] md: raid6 personality registered for level 6
[   69.264969] md: raid5 personality registered for level 5
[   69.464353] md: raid4 personality registered for level 4
[   69.603452] md: raid10 personality registered for level 10
done.
Begin: Running /scripts/init-pre[   69.657408] Btrfs loaded
mount ... done.
Begin: Mounting root file system ... Begin: Running /scripts/local-top ... done.
Begin: Running /scripts/local-premount ... Scanning for Btrfs filesystems
do[   69.705802] EXT4-fs (sda1): mounted filesystem with ordered data mode. Opts: (null)
ne.
Warning: fsck not present, so skipping root file system
done.
Begin: Running /scripts/local-bottom ... done.
Begin: Running /scripts/init-bottom ... done.
[   70.134026] systemd[1]: systemd 229 running in system mode. (+PAM +AUDIT +SELINUX +IMA +APPARMOR +SMACK +SYSVINIT +UTMP +LIBCRYPTSETUP +GCRYPT +GNUTLS +ACL +XZ -LZ4 +SECCOMP +BLKID +ELFUTILS +KMOD -IDN)
[   70.401797] systemd[1]: Detected virtualization oracle.
[   70.457590] systemd[1]: Detected architecture x86-64.

Welcome to [1mUbuntu 16.04.3 LTS[0m!

[   70.709695] systemd[1]: Set hostname to <ubuntu-xenial>.
[   70.915019] random: nonblocking pool is initialized
[   71.087652] systemd[1]: Listening on Syslog Socket.
[[0;32m  OK  [0m] Listening on Syslog Socket.
[   71.276657] systemd[1]: Created slice System Slice.
[[0;32m  OK  [0m] Created slice System Slice.
[   71.400537] systemd[1]: Listening on LVM2 poll daemon socket.
[[0;32m  OK  [0m] Listening on LVM2 poll daemon socket.
[   71.584807] systemd[1]: Reached target User and Group Name Lookups.
[[0;32m  OK  [0m] Reached target User and Group Name Lookups.
[   71.752765] systemd[1]: Listening on udev Control Socket.
[[0;32m  OK  [0m] Listening on udev Control Socket.
[   72.016984] systemd[1]: Listening on /dev/initctl Compatibility Named Pipe.
[[0;32m  OK  [0m] Listening on /dev/initctl Compatibility Named Pipe.
[   72.329072] systemd[1]: Created slice system-serial\x2dgetty.slice.
[[0;32m  OK  [0m] Created slice system-serial\x2dgetty.slice.
[   72.552773] systemd[1]: Listening on LVM2 metadata daemon socket.
[[0;32m  OK  [0m] Listening on LVM2 metadata daemon socket.
[   72.893593] systemd[1]: Created slice User and Session Slice.
[[0;32m  OK  [0m] Created slice User and Session Slice.
[   73.148582] systemd[1]: Reached target Slices.
[[0;32m  OK  [0m] Reached target Slices.
[   73.309858] systemd[1]: Listening on udev Kernel Socket.
[[0;32m  OK  [0m] Listening on udev Kernel Socket.
[   73.577303] systemd[1]: Started Trigger resolvconf update for networkd DNS.
[[0;32m  OK  [0m] Started Trigger resolvconf update for networkd DNS.
[   73.956894] systemd[1]: Reached target Swap.
[[0;32m  OK  [0m] Reached target Swap.
[   74.188998] systemd[1]: Created slice system-postgresql.slice.
[[0;32m  OK  [0m] Created slice system-postgresql.slice.
[   74.380635] systemd[1]: Listening on Journal Socket (/dev/log).
[[0;32m  OK  [0m] Listening on Journal Socket (/dev/log).
[   74.668515] systemd[1]: Listening on Journal Socket.
[[0;32m  OK  [0m] Listening on Journal Socket.
[   74.956646] systemd[1]: Mounting POSIX Message Queue File System...
         Mounting POSIX Message Queue File System...
[   75.280933] systemd[1]: Starting Nameserver information manager...
         Starting Nameserver information manager...
[   75.469427] systemd[1]: Starting Load Kernel Modules...
         [   75.582666] Loading iSCSI transport class v2.0-870.
Starting Load Ke[   75.773198] iscsi: registered transport (tcp)
rnel Modules...
[   75.967371] iscsi: registered transport (iser)
[   76.132788] systemd[1]: Mounting Huge Pages File System...
         Mounting Huge Pages File System...
[   76.413136] systemd[1]: Starting Set console keymap...
         Starting Set console keymap...
[   76.648269] systemd[1]: Mounting Debug File System...
         Mounting Debug File System...
[   76.905148] systemd[1]: Starting Uncomplicated firewall...
         Starting Uncomplicated firewall...
[   77.189030] systemd[1]: Starting Create list of required static device nodes for the current kernel...
         Starting Create list of required st... nodes for the current kernel...
[   77.648559] systemd[1]: Listening on Device-mapper event daemon FIFOs.
[[0;32m  OK  [0m] Listening on Device-mapper event daemon FIFOs.
[   78.009249] systemd[1]: Starting Monitoring of LVM2 mirrors, snapshots etc. using dmeventd or progress polling...
         Starting Monitoring of LVM2 mirrors... dmeventd or progress polling...
[   78.497621] systemd[1]: Listening on Journal Audit Socket.
[[0;32m  OK  [0m] Listening on Journal Audit Socket.
[   78.813499] systemd[1]: Starting Journal Service...
         Starting Journal Service...
[   79.044754] systemd[1]: Started Forward Password Requests to Wall Directory Watch.
[[0;32m  OK  [0m] Started Forward Password Requests to Wall Directory Watch.
[   79.440999] systemd[1]: Reached target Encrypted Volumes.
[[0;32m  OK  [0m] Reached target Encrypted Volumes.
[   79.725385] systemd[1]: Set up automount Arbitrary Executable File Formats File System Automount Point.
[[0;32m  OK  [0m] Set up automount Arbitrary Executab...ats File System Automount Point.
[   80.212701] systemd[1]: Starting Remount Root and Kernel File Systems...
         Starting Remount[   80.471562] EXT4-fs (sda1): re-mounted. Opts: (null)
 Root and Kernel File Systems...
[   80.701797] systemd[1]: Mounted POSIX Message Queue File System.
[[0;32m  OK  [0m] Mounted POSIX Message Queue File System.
[   80.981205] systemd[1]: Mounted Huge Pages File System.
[[0;32m  OK  [0m] Mounted Huge Pages File System.
[   81.261306] systemd[1]: Mounted Debug File System.
[[0;32m  OK  [0m] Mounted Debug File System.
[   81.528777] systemd[1]: Started Journal Service.
[[0;32m  OK  [0m] Started Journal Service.
[[0;32m  OK  [0m] Started Load Kernel Modules.
[[0;32m  OK  [0m] Started Set console keymap.
[[0;32m  OK  [0m] Started Uncomplicated firewall.
[[0;32m  OK  [0m] Started Create list of required sta...ce nodes for the current kernel.
[[0;32m  OK  [0m] Started Remount Root and Kernel File Systems.
[[0;32m  OK  [0m] Started Nameserver information manager.
[[0;32m  OK  [0m] Started LVM2 metadata daemon.
         Starting Load/Save Random Seed...
         Starting udev Coldplug all Devices...
         Starting Initial cloud-init job (pre-networking)...
         Starting Create Static Device Nodes in /dev...
         Mounting FUSE Control File System...
         Starting Apply Kernel Variables...
         Starting Flush Journal to Persistent Storage...
[[0;32m  OK  [0m] Mounted FUSE Control File System.
[[0;32m  OK  [0m] Started Monitoring of LVM2 mirrors,...ng dmeventd or progress polling.
[[0;32m  OK  [0m] Started Load/Save Random Seed.
[[0;32m  OK  [0m] Started Create Static Device Nodes in /dev.
[   37.573088] cloud-init[449]: Cloud-init v. 17.1 running 'init-local' at Mon, 11 Jun 2018 08:48:35 +0000. Up 37.38 seconds.
[[0;32m  OK  [0m] Started Apply Kernel Variables.
[[0;32m  OK  [0m] Started udev Coldplug all Devices.
[[0;32m  OK  [0m] Started Initial cloud-init job (pre-networking).
[[0;32m  OK  [0m] Reached target Network (Pre).
         Starting udev Kernel Device Manager...
[[0;32m  OK  [0m] Started udev Kernel Device Manager.
[[0;32m  OK  [0m] Started Flush Journal to Persistent Storage.
[[0;32m  OK  [0m] Found device /dev/ttyS0.
[[0;32m  OK  [0m] Reached target Local File Systems (Pre).
[[0;32m  OK  [0m] Reached target Local File Systems.
         Starting Create Volatile Files and Directories...
         Starting Tell Plymouth To Write Out Runtime Data...
         Starting LSB: AppArmor initialization...
         Starting Set console font and keymap...
[[0;32m  OK  [0m] Started Dispatch Password Requests to Console Directory Watch.
[[0;32m  OK  [0m] Started Create Volatile Files and Directories.
[[0;32m  OK  [0m] Started Tell Plymouth To Write Out Runtime Data.
[[0;32m  OK  [0m] Started Set console font and keymap.
[[0;32m  OK  [0m] Listening on Load/Save RF Kill Switch Status /dev/rfkill Watch.
[[0;32m  OK  [0m] Created slice system-getty.slice.
[[0;32m  OK  [0m] Reached target System Time Synchronized.
         Starting Update UTMP about System Boot/Shutdown...
[[0;32m  OK  [0m] Started LSB: AppArmor initialization.
[[0;32m  OK  [0m] Started Update UTMP about System Boot/Shutdown.
         Starting Raise network interfaces...
[[0;32m  OK  [0m] Started ifup for enp0s3.
[[0;32m  OK  [0m] Started Raise network interfaces.
[[0;32m  OK  [0m] Reached target Network.
         Starting Initial cloud-init job (metadata service crawler)...
[   40.847256] cloud-init[953]: Cloud-init v. 17.1 running 'init' at Mon, 11 Jun 2018 08:48:38 +0000. Up 40.62 seconds.
[   41.012731] cloud-init[953]: ci-info: +++++++++++++++++++++++++++++++++++++Net device info+++++++++++++++++++++++++++++++++++++
[   41.013018] cloud-init[953]: ci-info: +--------+------+---------------------------+---------------+-------+-------------------+
[[0;32m  OK  [0m] Started Initial cloud-init job (metadata service crawler).
[   41.013165] cloud-init[953]: ci-info: | Device |  Up  |          Address          |      Mask     | Scope |     Hw-Address    |
[   41.672539] cloud-init[953]: ci-info: +--------+------+---------------------------+---------------+-------+-------------------+
[   41.673129] cloud-init[953]: ci-info: | enp0s3 | True |         10.0.2.15         | 255.255.255.0 |   .   | 02:38:07:4c:82:85 |
[[0;32m  OK  [0m] Reached target Cloud-config availability.
[   41.673369] cloud-init[953]: ci-info: | enp0s3 | True | fe80::38:7ff:fe4c:8285/64 |       .       |  link | 02:38:07:4c:82:85 |
[   42.098749] cloud-init[953]: ci-info: |   lo   | True |         127.0.0.1         |   255.0.0.0   |   .   |         .         |
[[0;32m  OK  [0m] Reached target Network is Online.
[   42.099135] cloud-init[953]: ci-info: |   lo   | True |          ::1/128          |       .       |  host |         .         |
[   42.684795] cloud-init[953]: ci-info: +--------+------+---------------------------+---------------+-------+-------------------+
[   42.685033] cloud-init[953]: ci-info: +++++++++++++++++++++++++++Route IPv4 info++++++++++++++++++++++++++++
         Starting iSCSI initiator daemon (iscsid)...
[   42.685139] cloud-init[953]: ci-info: +-------+-------------+----------+---------------+-----------+-------+
[   43.068899] cloud-init[953]: ci-info: | Route | Destination | Gateway  |    Genmask    | Interface | Flags |
[[0;32m  OK  [0m] Reached target System Initialization.
[   43.069045] cloud-init[953]: ci-info: +-------+-------------+----------+---------------+-----------+-------+
[   43.531491] cloud-init[953]: ci-info: |   0   |   0.0.0.0   | 10.0.2.2 |    0.0.0.0    |   enp0s3  |   UG  |
[   43.531761] cloud-init[953]: ci-info: |   1   |   10.0.2.0  | 0.0.0.0  | 255.255.255.0 |   enp0s3  |   U   |
[[0;32m  OK  [0m] Started Daily apt download activities.
[[   43.531912] cloud-init[953]: ci-info: +-------+-------------+----------+---------------+-----------+-------+
[0;32m  OK  [0m] Started Daily Cleanup of Temporary Directories.
[[0;32m  OK  [0m] Started Timer to automatically refresh installed snaps.
[[0;32m  OK  [0m] Listening on ACPID Listen Socket.
         Starting LXD - unix socket.
[[0;32m  OK  [0m] Listening on UUID daemon activation socket.
[[0;32m  OK  [0m] Started Daily apt upgrade and clean activities.
[[0;32m  OK  [0m] Reached target Timers.
[[0;32m  OK  [0m] Started ACPI Events Check.
[[0;32m  OK  [0m] Reached target Paths.
         Starting Socket activation for snappy daemon.
[[0;32m  OK  [0m] Listening on D-Bus System Message Bus Socket.
[[0;32m  OK  [0m] Listening on LXD - unix socket.
[[0;32m  OK  [0m] Listening on Socket activation for snappy daemon.
[[0;32m  OK  [0m] Started iSCSI initiator daemon (iscsid).
         Starting Login to default iSCSI targets...
[[0;32m  OK  [0m] Reached target Sockets.
[[0;32m  OK  [0m] Reached target Basic System.
[[0;32m  OK  [0m] Started D-Bus System Message Bus.
         Starting Snappy daemon...
         Starting Accounts Service...
         Starting OpenBSD Secure Shell server...
         Starting LSB: MD monitoring daemon...
         Starting Apply the settings specified in cloud-config...
         Starting LXD - container startup/shutdown...
         Starting System Logging Service...
[[0;32m  OK  [0m] Started Unattended Upgrades Shutdown.
[[0;32m  OK  [0m] Started Deferred execution scheduler.
         Starting LSB: Record successful boot for GRUB...
[[0;32m  OK  [0m] Started Regular background program processing daemon.
         Starting PostgreSQL Cluster 9.5-main...
         Starting /etc/rc.local Compatibility...
[[0;32m  OK  [0m] Started ACPI event daemon.
         Starting Login Service...
[[0;32m  OK  [0m] Started FUSE filesystem for LXC.
[[0;32m  OK  [0m] Started Snappy daemon.
[[0;32m  OK  [0m] Started OpenBSD Secure Shell server.
[[0;32m  OK  [0m] Started System Logging Service.
[[0;32m  OK  [0m] Started LXD - container startup/shutdown.
[[0;32m  OK  [0m] Started /etc/rc.local Compatibility.
[[0;32m  OK  [0m] Started Apply the settings specified in cloud-config.
[   45.824967] cloud-init[1034]: Cloud-init v. 17.1 running 'modules:config' at Mon, 11 Jun 2018 08:48:43 +0000. Up 45.69 seconds.
[[0;32m  OK  [0m] Started Login to default iSCSI targets.
[[0;32m  OK  [0m] Started LSB: MD monitoring daemon.
[[0;32m  OK  [0m] Started LSB: Record successful boot for GRUB.
         Starting Authenticate and Authorize Users to Run Privileged Tasks...
[[0;32m  OK  [0m] Reached target Remote File Systems (Pre).
[[0;32m  OK  [0m] Reached target Remote File Systems.
         Starting LSB: VirtualBox Linux Additions...
         Starting LSB: automatic crash report generation...
         Starting LSB: Set the CPU Frequency Scaling governor to "ondemand"...
         Starting LSB: Start/stop sysstat's sadc...
         Starting LSB: daemon to balance interrupts for SMP systems...
         Starting Permit User Sessions...
[[0;32m  OK  [0m] Started Permit User Sessions.
[[0;32m  OK  [0m] Started Login Service.
[[0;32m  OK  [0m] Started Authenticate and Authorize Users to Run Privileged Tasks.
[[0;32m  OK  [0m] Started Accounts Service.
[[0;32m  OK  [0m] Started LSB: Set the CPU Frequency Scaling governor to "ondemand".
[[0;32m  OK  [0m] Started LSB: VirtualBox Linux Additions.
[[0;32m  OK  [0m] Started LSB: automatic crash report generation.
[[0;32m  OK  [0m] Started LSB: Start/stop sysstat's sadc.
         Starting Hold until boot process finishes up...
         Starting Terminate Plymouth Boot Screen...
[[0;32m  OK  [0m] Started LSB: daemon to balance interrupts for SMP systems.
[[0;32m  OK  [0m] Started Hold until boot process finishes up.
[[0;32m  OK  [0m] Started Terminate Plymouth Boot Screen.
         Starting Set console scheme...
[[0;32m  OK  [0m] Started Getty on tty1.
[[0;32m  OK  [0m] Started Serial Getty on ttyS0.
[[0;32m  OK  [0m] Reached target Login Prompts.
[[0;32m  OK  [0m] Started PostgreSQL Cluster 9.5-main.
[[0;32m  OK  [0m] Started Set console scheme.
         Starting PostgreSQL RDBMS...
[[0;32m  OK  [0m] Started PostgreSQL RDBMS.
[[0;32m  OK  [0m] Reached target Multi-User System.
         Starting Execute cloud user/final scripts...
[[0;32m  OK  [0m] Reached target Graphical Interface.
         Starting Update UTMP about System Runlevel Changes...
[[0;32m  OK  [0m] Started Update UTMP about System Runlevel Changes.
[   48.769502] cloud-init[1209]: Cloud-init v. 17.1 running 'modules:final' at Mon, 11 Jun 2018 08:48:46 +0000. Up 48.67 seconds.
[   48.945139] cloud-init[1209]: Cloud-init v. 17.1 finished at Mon, 11 Jun 2018 08:48:46 +0000. Datasource DataSourceNoCloud [seed=/dev/sdb][dsmode=net].  Up 48.76 seconds
[[0;32m  OK  [0m] Started Execute cloud user/final scripts.
[[0;32m  OK  [0m] Reached target Cloud-init target.

Ubuntu 16.04.3 LTS ubuntu-xenial ttyS0

ubuntu-xenial login: [[0;32m[         Stopping LSB: VirtualBox Linux Additions...
         Stopping LSB: Set the CPU Frequency Scaling governor to "ondemand"...
         Stopping LSB: Record successful boot for GRUB...
         Stopping LSB: Start/stop sysstat's sadc...
         Stopping LSB: automatic crash report generation...
[[0;32m  OK  [0m] Stopped target Timers.
[[0;32m  OK  [0m] Stopped Daily Cleanup of Temporary Directories.
[[0;32m  OK  [0m] Stopped Daily apt upgrade and clean activities.
[[0;32m  OK  [0m] Stopped Timer to automatically refresh installed snaps.
         Stopping Unattended Upgrades Shutdown...
[[0;32m  OK  [0m] Stopped Apply the settings specified in cloud-config.
[[0;32m  OK  [0m] Stopped target Cloud-config availability.
         Stopping Session 44 of user vagrant.
[[0;32m  OK  [0m] Stopped PostgreSQL RDBMS.
         Stopping PostgreSQL Cluster 9.5-main...
[[0;32m  OK  [0m] Stopped Daily apt download activities.
[[0;32m  OK  [0m] Stopped target System Time Synchronized.
         Stopping LSB: MD monitoring daemon...
         Stopping ACPI event daemon...
         Stopping LSB: daemon to balance interrupts for SMP systems...
         Stopping Deferred execution scheduler...
[[0;32m  OK  [0m] Unmounted /var/lib/lxcfs.
[[0;32m  OK  [0m] Stopped Snappy daemon.
[[0;32m  OK  [0m] Stopped Accounts Service.
[[0;32m  OK  [0m] Stopped OpenBSD Secure Shell server.
[[0;32m  OK  [0m] Stopped System Logging Service.
[[0;32m  OK  [0m] Stopped Deferred execution scheduler.
[[0;32m  OK  [0m] Stopped Regular background program processing daemon.
[[0;32m  OK  [0m] Stopped ACPI event daemon.
[[0;32m  OK  [0m] Stopped Authenticate and Authorize Users to Run Privileged Tasks.
[[0;32m  OK  [0m] Stopped Getty on tty1.
[[0;32m  OK  [0m] Stopped Serial Getty on ttyS0.
[[0;32m  OK  [0m] Stopped User Manager for UID 1000.
[[0;32m  OK  [0m] Stopped D-Bus System Message Bus.
[[0;32m  OK  [0m] Stopped Unattended Upgrades Shutdown.
[[0;32m  OK  [0m] Stopped Session 44 of user vagrant.
[[0;32m  OK  [0m] Stopped PostgreSQL Cluster 9.5-main.
[[0;32m  OK  [0m] Stopped FUSE filesystem for LXC.
[[0;32m  OK  [0m] Stopped LXD - container startup/shutdown.
[[0;32m  OK  [0m] Stopped LSB: VirtualBox Linux Additions.
[[0;32m  OK  [0m] Stopped LSB: Set the CPU Frequency Scaling governor to "ondemand".
[[0;32m  OK  [0m] Stopped LSB: Record successful boot for GRUB.
[[0;32m  OK  [0m] Stopped LSB: Start/stop sysstat's sadc.
[[0;32m  OK  [0m] Stopped LSB: automatic crash report generation.
[[0;32m  OK  [0m] Stopped LSB: MD monitoring daemon.
[[0;32m  OK  [0m] Stopped LSB: daemon to balance interrupts for SMP systems.
[[0;32m  OK  [0m] Removed slice system-postgresql.slice.
[[0;32m  OK  [0m] Removed slice User Slice of vagrant.
         Stopping Login Service...
[[0;32m  OK  [0m] Removed slice system-serial\x2dgetty.slice.
[[0;32m  OK  [0m] Removed slice system-getty.slice.
[[0;32m  OK  [0m] Stopped /etc/rc.local Compatibility.
         Stopping Permit User Sessions...
[[0;32m  OK  [0m] Stopped Login Service.
[[0;32m  OK  [0m] Stopped Permit User Sessions.
[[0;32m  OK  [0m] Stopped target Remote File Systems.
[[0;32m  OK  [0m] Stopped target Remote File Systems (Pre).
         Stopping Login to default iSCSI targets...
[[0;32m  OK  [0m] Stopped target User and Group Name Lookups.
[[0;32m  OK  [0m] Stopped target Basic System.
[[0;32m  OK  [0m] Stopped target Slices.
[[0;32m  OK  [0m] Stopped target Sockets.
[[0;32m  OK  [0m] Closed ACPID Listen Socket.
[[0;32m  OK  [0m] Closed Syslog Socket.
[[0;32m  OK  [0m] Closed UUID daemon activation socket.
[[0;32m  OK  [0m] Closed LXD - unix socket.
[[0;32m  OK  [0m] Closed Socket activation for snappy daemon.
[[0;32m  OK  [0m] Stopped target Paths.
[[0;32m  OK  [0m] Stopped Dispatch Password Requests to Console Directory Watch.
[[0;32m  OK  [0m] Stopped Forward Password Requests to Wall Directory Watch.
[[0;32m  OK  [0m] Stopped ACPI Events Check.
[[0;32m  OK  [0m] Removed slice User and Session Slice.
[[0;32m  OK  [0m] Closed D-Bus System Message Bus Socket.
[[0;32m  OK  [0m] Stopped target System Initialization.
         Stopping Update UTMP about System Boot/Shutdown...
         Stopping Load/Save Random Seed...
[[0;32m  OK  [0m] Stopped target Swap.
[[0;32m  OK  [0m] Stopped target Encrypted Volumes.
[[0;32m  OK  [0m] Stopped Load/Save Random Seed.
[[0;32m  OK  [0m] Stopped Update UTMP about System Boot/Shutdown.
[[0;32m  OK  [0m] Stopped Login to default iSCSI targets.
         Stopping iSCSI initiator daemon (iscsid)...
[[0;32m  OK  [0m] Stopped Create Volatile Files and Directories.
[[0;32m  OK  [0m] Stopped iSCSI initiator daemon (iscsid).
[[0;32m  OK  [0m] Stopped target Network is Online.
[[0;32m  OK  [0m] Stopped Initial cloud-init job (metadata service crawler).
[[0;32m  OK  [0m] Stopped target Network.
         Stopping Raise network interfaces...
[[0;32m  OK  [0m] Stopped Raise network interfaces.
[[0;32m  OK  [0m] Stopped Apply Kernel Variables.
[[0;32m  OK  [0m] Stopped Load Kernel Modules.
[[0;32m  OK  [0m] Stopped target Network (Pre).
[[0;32m  OK  [0m] Stopped Initial cloud-init job (pre-networking).
[[0;32m  OK  [0m] Stopped target Local File Systems.
         Unmounting /run/user/1000...
         Unmounting /vagrant...
         Unmounting /home/vagrant/workspace...
[[0;32m  OK  [0m] Unmounted /run/user/1000.
[[0;32m  OK  [0m] Unmounted /vagrant.
[[0;32m  OK  [0m] Unmounted /home/vagrant/workspace.
[[0;32m  OK  [0m] Reached target Unmount All Filesystems.
[[0;32m  OK  [0m] Stopped target Local File Systems (Pre).
[[0;32m  OK  [0m] Stopped Create Static Device Nodes in /dev.
[[0;32m  OK  [0m] Stopped Remount Root and Kernel File Systems.
[[0;32m  OK  [0m] Reached target Shutdown.
[20666.747178] reboot: Power down
